Rufus x64 v4.5.2180 (Portable)
Windows version: Windows 11 Pro x64 (Build 22621.2283)
Syslinux versions: 4.07/2013-07-25, 6.04/pre1
Grub versions: 0.4.6a, 2.12
System locale ID: 0x0409 (en-US)
Will use default UI locale 0x0409
SetLGP: Successfully set NoDriveTypeAutorun policy to 0x0000009E
Localization set to 'en-US'
Found 517 officially revoked UEFI bootloaders from embedded list
Found 2351 additional revoked UEFI bootloaders from this system's SKUSiPolicy.p7b
Found USB 3.0 device 'Kingston DataTraveler 3.0 USB Device' (0951:1666)
1 device found
Disk type: Removable, Disk size: 16 GB, Sector size: 512 bytes
Cylinders: 1912, Tracks per cylinder: 255, Sectors per track: 63
Partition type: MBR, NB Partitions: 1
Disk ID: 0x007E876B
Drive has a Syslinux Master Boot Record
Partition 1:
  Type: NTFS (0x07)
  Detected File System: NTFS
  Size: 14.7 GB (15732088832 bytes)
  Start Sector: 2048, Boot: Yes
Scanning image...
ISO analysis:
  Image is a UDF image
Disk image analysis:
  Image does not have a Boot Marker
ISO label: 'tiny11 23H2 x64'
  Detected: Windows 11 ISO (Build 22621.2283)
  Size: 4.2 GB (Projected)
  Note: File on disk is larger than reported ISO size by 558 KB...
  Uses: EFI
  Uses: Bootmgr (BIOS and UEFI)
  Uses: Install.esd (version 0.14.0+)
Using image: MINI WINDOWS 11 tiny11 23H2 x64.iso (4.2 GB)
Selected Windows User Experience options:
• Bypass SB/TPM/RAM
• Bypass online account requirement
• Disable data collection
• Disable bitlocker

Format operation started
Requesting disk access...
Will use 'G:' as volume mountpoint
Could not open GUID volume '\\?\Volume{5b880ee5-580d-11ef-8d62-97ddfe1a576d}': [0x00000021] The process cannot access the file because another process has locked a portion of the file.
Opened \\.\PhysicalDrive2 for exclusive write access
Analyzing existing boot records...
Drive has a Syslinux Master Boot Record
Clearing MBR/PBR/GPT structures...
Erasing 128 sectors
Initializing disk...
Partitioning (GPT)...
● Creating Main Data Partition (offset: 1048576, size: 14.7 GB)
Write error [0x00000005] Access is denied.
Retrying in 5 seconds...
Waiting for logical drive to reappear...
Formatting to FAT32 (using IFS)
Using cluster size: 8192 bytes
Quick format was selected
Creating file system...
Format completed.
Opened \\.\PhysicalDrive2 for exclusive write access
Writing Master Boot Record...
Using Rufus protective MBR
Writing protective message SBR
Found volume \\?\Volume{5b880ee5-580d-11ef-8d62-97ddfe1a576d}\
Successfully remounted \\?\Volume{5b880ee5-580d-11ef-8d62-97ddfe1a576d}\ as G:
Extracting files...
Image is a UDF image
Extracting: G:\boot\en-us\bootsect.exe.mui (16 KB)
Extracting: G:\boot\fonts\jpn_boot.ttf (1.9 MB)
Extracting: G:\boot\fonts\kor_boot.ttf (2.3 MB)
Extracting: G:\boot\fonts\malgunn_boot.ttf (189.4 KB)
Extracting: G:\boot\fonts\malgun_boot.ttf (191.7 KB)
Extracting: G:\boot\fonts\malgun_console.ttf (81.4 KB)
Extracting: G:\boot\fonts\meiryon_boot.ttf (160.4 KB)
Extracting: G:\boot\fonts\meiryo_boot.ttf (162.0 KB)
Extracting: G:\boot\fonts\meiryo_console.ttf (90.4 KB)
Extracting: G:\boot\fonts\segmono_boot.ttf (44.7 KB)
Extracting: G:\boot\fonts\segoen_slboot.ttf (100.3 KB)
Extracting: G:\boot\fonts\segoe_slboot.ttf (100.5 KB)
Extracting: G:\boot\fonts\wgl4_boot.ttf (48.9 KB)
Extracting: G:\boot\resources\bootres.dll (165.4 KB)
Extracting: G:\boot\resources\bootres_hci.dll (109.4 KB)
Extracting: G:\boot\bcd (16 KB)
Extracting: G:\boot\boot.sdi (3 MB)
Extracting: G:\boot\bootfix.bin (1 KB)
Extracting: G:\boot\bootsect.exe (105.3 KB)
Extracting: G:\boot\etfsboot.com (4 KB)
Extracting: G:\boot\memtest.exe (1 MB)
Extracting: G:\efi\boot\bootx64.efi (2.4 MB)
Extracting: G:\efi\microsoft\boot\cipolicies\active\{5dac656c-21ad-4a02-ab49-649917162e70}.cip (10.3 KB)
Extracting: G:\efi\microsoft\boot\cipolicies\active\{82443e1e-8a39-4b4a-96a8-f40ddc00b9f3}.cip (27.6 KB)
Extracting: G:\efi\microsoft\boot\cipolicies\active\{cdd5cb55-db68-4d71-aa38-3df2b6473a52}.cip (10.7 KB)
Extracting: G:\efi\microsoft\boot\fonts\jpn_boot.ttf (1.9 MB)
Extracting: G:\efi\microsoft\boot\fonts\kor_boot.ttf (2.3 MB)
Extracting: G:\efi\microsoft\boot\fonts\malgunn_boot.ttf (189.4 KB)
Extracting: G:\efi\microsoft\boot\fonts\malgun_boot.ttf (191.7 KB)
Extracting: G:\efi\microsoft\boot\fonts\malgun_console.ttf (81.5 KB)
Extracting: G:\efi\microsoft\boot\fonts\meiryon_boot.ttf (160.4 KB)
Extracting: G:\efi\microsoft\boot\fonts\meiryo_boot.ttf (162.0 KB)
Extracting: G:\efi\microsoft\boot\fonts\meiryo_console.ttf (90.4 KB)
Extracting: G:\efi\microsoft\boot\fonts\segmono_boot.ttf (44.7 KB)
Extracting: G:\efi\microsoft\boot\fonts\segoen_slboot.ttf (100.3 KB)
Extracting: G:\efi\microsoft\boot\fonts\segoe_slboot.ttf (100.5 KB)
Extracting: G:\efi\microsoft\boot\fonts\wgl4_boot.ttf (48.9 KB)
Extracting: G:\efi\microsoft\boot\resources\bootres.dll (165.3 KB)
Extracting: G:\efi\microsoft\boot\resources\bootres_hci.dll (109.3 KB)
Extracting: G:\efi\microsoft\boot\bcd (16 KB)
Extracting: G:\efi\microsoft\boot\cdboot.efi (883.4 KB)
Extracting: G:\efi\microsoft\boot\cdboot_noprompt.efi (883.4 KB)
Extracting: G:\efi\microsoft\boot\efisys.bin (1.4 MB)
Extracting: G:\efi\microsoft\boot\efisys_noprompt.bin (1.4 MB)
Extracting: G:\efi\microsoft\boot\memtest.efi (2.2 MB)
Extracting: G:\efi\microsoft\boot\winsipolicy.p7b (10.1 KB)
Extracting: G:\sources\asz\en-us\arunres.dll.mui (5.5 KB)
Extracting: G:\sources\asz\en-us\spwizres.dll.mui (8 KB)
Extracting: G:\sources\asz\en-us\w32uires.dll.mui (201 KB)
Extracting: G:\sources\asz\arunimg.dll (149.3 KB)
Extracting: G:\sources\asz\arunres.dll (25.3 KB)
Extracting: G:\sources\asz\background_asz.png (4.8 KB)
Extracting: G:\sources\asz\setupmedia.cfg (25 bytes)
Extracting: G:\sources\asz\spwizimg.dll (93.3 KB)
Extracting: G:\sources\asz\spwizres.dll (25.3 KB)
Extracting: G:\sources\asz\w32uires.dll (217.3 KB)
Extracting: G:\sources\dlmanifests\microsoft-activedirectory-webservices-dl\adwsmigrate.dll (117.3 KB)
Extracting: G:\sources\dlmanifests\microsoft-windows-com-complus-setup-dl\commig.dll (189.3 KB)
Extracting: G:\sources\dlmanifests\microsoft-windows-com-dtc-setup-dl\msdtcstp.dll (101.3 KB)
Extracting: G:\sources\dlmanifests\microsoft-windows-dhcpservermigplugin-dl\dhcpsrvmigplugin.dll (121.3 KB)
Extracting: G:\sources\dlmanifests\microsoft-windows-directoryservices-adam-dl\adammigrate.dll (145.3 KB)
Extracting: G:\sources\dlmanifests\microsoft-windows-iasserver-migplugin\iasmigplugin.dll (757.3 KB)
Extracting: G:\sources\dlmanifests\microsoft-windows-iasserver-migplugin\iasmigreader.exe (497.9 KB)
Extracting: G:\sources\dlmanifests\microsoft-windows-ie-clientnetworkprotocolimplementation-migration\wininetplugin.dll (37.3 KB)
Extracting: G:\sources\dlmanifests\microsoft-windows-internet-naming-service-runtime\winsplgn.dll (77.3 KB)
Extracting: G:\sources\dlmanifests\microsoft-windows-msmq-messagingcoreservice\mqmigplugin.dll (185.3 KB)
Extracting: G:\sources\dlmanifests\microsoft-windows-networkbridge\bridgemigplugin.dll (133.3 KB)
Extracting: G:\sources\dlmanifests\microsoft-windows-networkloadbalancing-core\nlbmigplugin.dll (137.3 KB)
Extracting: G:\sources\dlmanifests\microsoft-windows-rasconnectionmanager\cmmigr.dll (97.3 KB)
Extracting: G:\sources\dlmanifests\microsoft-windows-rasserver-migplugin\rasmigplugin.dll (413.3 KB)
Extracting: G:\sources\dlmanifests\microsoft-windows-tapisetup\tapimigplugin.dll (93.3 KB)
Extracting: G:\sources\dlmanifests\microsoft-windows-terminalservices-licenseserver\tlsmigplugin.dll (137.3 KB)
Extracting: G:\sources\dlmanifests\microsoft-windows-textservicesframework-migration-dl\chxmig.dll (169.4 KB)
Extracting: G:\sources\dlmanifests\microsoft-windows-textservicesframework-migration-dl\imjpmig.dll (213.4 KB)
Extracting: G:\sources\dlmanifests\microsoft-windows-textservicesframework-migration-dl\imkrmig.dll (137.3 KB)
Extracting: G:\sources\dlmanifests\microsoft-windows-textservicesframework-migration-dl\msctfmig.dll (161.4 KB)
Extracting: G:\sources\dlmanifests\microsoft-windows-textservicesframework-migration-dl\tabletextservicemig.dll (109.3 KB)
Extracting: G:\sources\dlmanifests\microsoft-windows-unimodem-config\modemmigplugin.dll (117.4 KB)
Extracting: G:\sources\dlmanifests\microsoft-windows-winsock-core-infrastructure-upgrade\wsupgrade.dll (241.3 KB)
Extracting: G:\sources\dlmanifests\microsoft-windows-wmi-core\wmimigrationplugin.dll (697.3 KB)
Extracting: G:\sources\dlmanifests\networking-mpssvc-svc\icfupgd.dll (173.4 KB)
Extracting: G:\sources\dlmanifests\accessibilitycpl-dl.man (4.6 KB)
Extracting: G:\sources\dlmanifests\activedirectory-webservices-dl.man (667 bytes)
Extracting: G:\sources\dlmanifests\activedirectory-wmireplicationprovider-dl.man (1.1 KB)
Extracting: G:\sources\dlmanifests\adsi-ldap-extensions-dl.man (3.6 KB)
Extracting: G:\sources\dlmanifests\adsi-ldap-provider-dl.man (1.6 KB)
Extracting: G:\sources\dlmanifests\adsi-router-dl.man (1.9 KB)
Extracting: G:\sources\dlmanifests\adsi-winnt-provider-dl.man (1.6 KB)
Extracting: G:\sources\dlmanifests\browserservice-dl.man (3.1 KB)
Extracting: G:\sources\dlmanifests\capi2_certs-dl.man (6.9 KB)
Extracting: G:\sources\dlmanifests\commandprompt-dl.man (2.8 KB)
Extracting: G:\sources\dlmanifests\coreos-dl.man (1.6 KB)
Extracting: G:\sources\dlmanifests\credential-manager-dl.man (2.2 KB)
Extracting: G:\sources\dlmanifests\cryptoconfig-dl.man (1.4 KB)
Extracting: G:\sources\dlmanifests\crypto_keys-dl.man (2.9 KB)
Extracting: G:\sources\dlmanifests\dfsclient-dl.man (1.6 KB)
Extracting: G:\sources\dlmanifests\dfsmgmt-dl.man (2 KB)
Extracting: G:\sources\dlmanifests\dhcpclient-dl.man (1.5 KB)
Extracting: G:\sources\dlmanifests\directoryservices-adam-dl.man (2.1 KB)
Extracting: G:\sources\dlmanifests\directoryservices-domain-dl.man (2.0 KB)
Extracting: G:\sources\dlmanifests\directoryservices-ism-smtp-dl.man (1.8 KB)
Extracting: G:\sources\dlmanifests\dns-client-dl.man (3.7 KB)
Extracting: G:\sources\dlmanifests\dns-server-service-dl.man (2.3 KB)
Extracting: G:\sources\dlmanifests\dpapi_keys-dl.man (4.4 KB)
Extracting: G:\sources\dlmanifests\etw-core-dl.man (1.4 KB)
Extracting: G:\sources\dlmanifests\etwtracing.man (14.8 KB)
Extracting: G:\sources\dlmanifests\eventlog-dl.man (1.7 KB)
Extracting: G:\sources\dlmanifests\explorer-dl.man (2.5 KB)
Extracting: G:\sources\dlmanifests\feclient-dl.man (1.6 KB)
Extracting: G:\sources\dlmanifests\fonts-type1-dl.man (788 bytes)
Extracting: G:\sources\dlmanifests\frs-core-dl.man (4.3 KB)
Extracting: G:\sources\dlmanifests\gpbase-dl.man (7.0 KB)
Extracting: G:\sources\dlmanifests\gpmc-dl.man (1.4 KB)
Extracting: G:\sources\dlmanifests\gpmgmt-dl.man (1.5 KB)
Extracting: G:\sources\dlmanifests\grouppolicy-admin-gpedit-dl.man (1.4 KB)
Extracting: G:\sources\dlmanifests\grouppolicy-admin-gpedit-snapin-dl.man (1.4 KB)
Extracting: G:\sources\dlmanifests\grouppolicy-cse-softwareinstallation-dl.man (1.9 KB)
Extracting: G:\sources\dlmanifests\grouppolicy-serveradmintools-gpmc-dl.man (1.6 KB)
Extracting: G:\sources\dlmanifests\ieframe-dl.man (1.1 KB)
Extracting: G:\sources\dlmanifests\ime-traditional-chinese-migration-dl.man (1.5 KB)
Extracting: G:\sources\dlmanifests\kerberos-key-distribution-center-dl.man (2 KB)
Extracting: G:\sources\dlmanifests\ldap-client-dl.man (1.4 KB)
Extracting: G:\sources\dlmanifests\microsoft-windows-bits-client-dl.man (1.6 KB)
Extracting: G:\sources\dlmanifests\microsoft-windows-certificateservices-ca-dl.man (1.8 KB)
Extracting: G:\sources\dlmanifests\microsoft-windows-certificateservices-camanagement-dl.man (1.4 KB)
Extracting: G:\sources\dlmanifests\microsoft-windows-certificateservices-mscep-dl.man (1.7 KB)
Extracting: G:\sources\dlmanifests\microsoft-windows-errorreportingcore-dl.man (1.9 KB)
Extracting: G:\sources\dlmanifests\microsoft-windows-errorreportingfaults-dl.man (1.1 KB)
Extracting: G:\sources\dlmanifests\microsoft-windows-fax-client-applications-dl.man (3.7 KB)
Extracting: G:\sources\dlmanifests\microsoft-windows-fax-client-proenterprise-dl.man (1.8 KB)
Extracting: G:\sources\dlmanifests\microsoft-windows-fax-common-dl.man (4.7 KB)
Extracting: G:\sources\dlmanifests\microsoft-windows-fax-server-dl.man (1.8 KB)
Extracting: G:\sources\dlmanifests\microsoft-windows-fax-service-dl.man (7.5 KB)
Extracting: G:\sources\dlmanifests\microsoft-windows-htmlhelp-dl.man (1.7 KB)
Extracting: G:\sources\dlmanifests\microsoft-windows-ie-esc-dl.man (1.9 KB)
Extracting: G:\sources\dlmanifests\microsoft-windows-ie-feeds-platform-dl.man (2.3 KB)
Extracting: G:\sources\dlmanifests\microsoft-windows-ie-internetexplorer-dl.man (13.0 KB)
Extracting: G:\sources\dlmanifests\microsoft-windows-iis-corewebengine-deployment-dl.man (1.4 KB)
Extracting: G:\sources\dlmanifests\microsoft-windows-netfx35-dl.man (8.8 KB)
Extracting: G:\sources\dlmanifests\microsoft-windows-netfx35cdfcomp-dl.man (1.2 KB)
Extracting: G:\sources\dlmanifests\microsoft-windows-netfxcorecomp-dl.man (44.1 KB)
Extracting: G:\sources\dlmanifests\microsoft-windows-storagemigration-dl.man (8.0 KB)
Extracting: G:\sources\dlmanifests\microsoft-windows-tapisetup-dl.man (2.5 KB)
Extracting: G:\sources\dlmanifests\microsoft-windows-terminalservices-clientactivexcore-dl.man (1.3 KB)
Extracting: G:\sources\dlmanifests\microsoft-windows-wab-dl.man (2.5 KB)
Extracting: G:\sources\dlmanifests\microsoft-windows-wcfcorecomp-dl.man (4.8 KB)
Extracting: G:\sources\dlmanifests\microsoft.windows.com.base-dl.man (1.8 KB)
Extracting: G:\sources\dlmanifests\microsoft.windows.com.complus.setup.dl.man (2.3 KB)
Extracting: G:\sources\dlmanifests\msmq-dcom-dl.man (1.7 KB)
Extracting: G:\sources\dlmanifests\msmq-domain-ic-dl.man (1.5 KB)
Extracting: G:\sources\dlmanifests\msmq-http-dl.man (2.2 KB)
Extracting: G:\sources\dlmanifests\msmq-messagingcoreservice-dl.man (6.6 KB)
Extracting: G:\sources\dlmanifests\msmq-multicast-dl.man (1.5 KB)
Extracting: G:\sources\dlmanifests\msmq-routing-dl.man (1.4 KB)
Extracting: G:\sources\dlmanifests\msmq-triggers-dl.man (1.7 KB)
Extracting: G:\sources\dlmanifests\mup-dl.man (1.5 KB)
Extracting: G:\sources\dlmanifests\netfx-wcf-http-activation-dl.man (1.2 KB)
Extracting: G:\sources\dlmanifests\netfx-wcf-msmqactivation-registration-dl.man (1.6 KB)
Extracting: G:\sources\dlmanifests\netfx-wcf-pipeactivation-registration-dl.man (1.6 KB)
Extracting: G:\sources\dlmanifests\netfx-wcf-tcpactivation-registration-dl.man (1.6 KB)
Extracting: G:\sources\dlmanifests\netfx-wcf-tcpportsharing-dl.man (1.1 KB)
Extracting: G:\sources\dlmanifests\netfx3-dl.man (1.4 KB)
Extracting: G:\sources\dlmanifests\netfx4-wcf-client-dl.man (1.5 KB)
Extracting: G:\sources\dlmanifests\netfx4-wcf-extended-dl.man (1.4 KB)
Extracting: G:\sources\dlmanifests\netfx4clientcorecomp-dl.man (15.5 KB)
Extracting: G:\sources\dlmanifests\netlogon-dl.man (2 KB)
Extracting: G:\sources\dlmanifests\ntfs-dl.man (4.0 KB)
Extracting: G:\sources\dlmanifests\ntoskrnl-dl.man (7.8 KB)
Extracting: G:\sources\dlmanifests\odbc32dll-dl.man (4.7 KB)
Extracting: G:\sources\dlmanifests\partmgr-dl.man (1 KB)
Extracting: G:\sources\dlmanifests\printing-spooler-core-dl.man (2.5 KB)
Extracting: G:\sources\dlmanifests\printing-spooler-networkclient-dl.man (2.2 KB)
Extracting: G:\sources\dlmanifests\rights-management-client-v1-api-dl.man (3.2 KB)
Extracting: G:\sources\dlmanifests\rights-management-services-server-dl.man (3.2 KB)
Extracting: G:\sources\dlmanifests\rpc-http-dl.man (1.6 KB)
Extracting: G:\sources\dlmanifests\rpc-http_proxy-dl.man (1.4 KB)
Extracting: G:\sources\dlmanifests\rpc-local-dl.man (1.8 KB)
Extracting: G:\sources\dlmanifests\rpc-remote-dl.man (1.9 KB)
Extracting: G:\sources\dlmanifests\schannel-dl.man (1.4 KB)
Extracting: G:\sources\dlmanifests\schedsvc-dl.man (1.9 KB)
Extracting: G:\sources\dlmanifests\security-digest-dl.man (803 bytes)
Extracting: G:\sources\dlmanifests\security-kerberos-dl.man (803 bytes)
Extracting: G:\sources\dlmanifests\security-ntlm-dl.man (1.4 KB)
Extracting: G:\sources\dlmanifests\security-ntlm-lmc.man (1.1 KB)
Extracting: G:\sources\dlmanifests\shutdown-event-tracker-dl.man (1.3 KB)
Extracting: G:\sources\dlmanifests\smartcardsubsystem-dl.man (3.7 KB)
Extracting: G:\sources\dlmanifests\smbserver-dl.man (13.7 KB)
Extracting: G:\sources\dlmanifests\smss-dl.man (1.7 KB)
Extracting: G:\sources\dlmanifests\smtpsvc-admin-dl.man (1.1 KB)
Extracting: G:\sources\dlmanifests\smtpsvc-service-dl.man (1.2 KB)
Extracting: G:\sources\dlmanifests\speechcommon-dl.man (2.8 KB)
Extracting: G:\sources\dlmanifests\tabletpc-tabbtn-dl.man (1.7 KB)
Extracting: G:\sources\dlmanifests\tabletpcinputpanel-dl.man (1.4 KB)
Extracting: G:\sources\dlmanifests\tabletpcjournal-dl.man (8.5 KB)
Extracting: G:\sources\dlmanifests\tabletpcplatforminput-core-dl.man (1.1 KB)
Extracting: G:\sources\dlmanifests\terminalservices-appserver-dl.man (1.5 KB)
Extracting: G:\sources\dlmanifests\terminalservices-appserver-licensing-dl.man (1.3 KB)
Extracting: G:\sources\dlmanifests\terminalservices-drivers-dl.man (1.1 KB)
Extracting: G:\sources\dlmanifests\terminalservices-licenseserver-dl.man (2.2 KB)
Extracting: G:\sources\dlmanifests\terminalservices-localsessionmanager-dl.man (1.4 KB)
Extracting: G:\sources\dlmanifests\terminalservices-rdp-winstationextensions-dl.man (20.4 KB)
Extracting: G:\sources\dlmanifests\terminalservices-remoteconnectionmanager-dl.man (1.4 KB)
Extracting: G:\sources\dlmanifests\terminalservices-sessiondirectory-client-dl.man (2.2 KB)
Extracting: G:\sources\dlmanifests\terminalservices-sessiondirectory-server-dl.man (2.4 KB)
Extracting: G:\sources\dlmanifests\terminalservices-terminalservicesclient-dl.man (1.9 KB)
Extracting: G:\sources\dlmanifests\textservicesframework-migration-dl.man (2.8 KB)
Extracting: G:\sources\dlmanifests\video-tvvideocontrol-dl.man (2.0 KB)
Extracting: G:\sources\dlmanifests\volsnap-dl.man (1 KB)
Extracting: G:\sources\dlmanifests\wcf-http-activation-dl.man (2.0 KB)
Extracting: G:\sources\dlmanifests\wcf-http-activation-postapply-dl.man (1.4 KB)
Extracting: G:\sources\dlmanifests\wcf-nonhttp-activation-dl.man (1.4 KB)
Extracting: G:\sources\dlmanifests\web-services-for-management-core-dl.man (1.9 KB)
Extracting: G:\sources\dlmanifests\webenroll-dl.man (1.6 KB)
Extracting: G:\sources\dlmanifests\win32k-settings-dl.man (12.2 KB)
Extracting: G:\sources\dlmanifests\windowssearchengine-dl.man (5.7 KB)
Extracting: G:\sources\dlmanifests\winlogon-dl.man (2.8 KB)
Extracting: G:\sources\dlmanifests\wmi-core-dl.man (2.3 KB)
Extracting: G:\sources\dlmanifests\workstationservice-dl.man (1.8 KB)
Extracting: G:\sources\en-us\acres.dll.mui (317.5 KB)
Extracting: G:\sources\en-us\actionqueue.dll.mui (3.5 KB)
Extracting: G:\sources\en-us\appraiser.dll.mui (3.5 KB)
Extracting: G:\sources\en-us\arunres.dll.mui (5.5 KB)
Extracting: G:\sources\en-us\cmisetup.dll.mui (4.5 KB)
Extracting: G:\sources\en-us\compatappraiserresources.dll.mui (7 KB)
Extracting: G:\sources\en-us\compatctrl.dll.mui (6 KB)
Extracting: G:\sources\en-us\compatresources.dll.mui (27.5 KB)
Extracting: G:\sources\en-us\compres.dll.mui (30 KB)
Extracting: G:\sources\en-us\credits.htm (3.3 MB)
Extracting: G:\sources\en-us\credits.rtf (3.9 MB)
Extracting: G:\sources\en-us\dism.exe.mui (29.5 KB)
Extracting: G:\sources\en-us\dismapi.dll.mui (4.5 KB)
Extracting: G:\sources\en-us\dismcore.dll.mui (7.5 KB)
Extracting: G:\sources\en-us\dismprov.dll.mui (2.5 KB)
Extracting: G:\sources\en-us\erofflps.txt (276 bytes)
Extracting: G:\sources\en-us\folderprovider.dll.mui (2.5 KB)
Extracting: G:\sources\en-us\imagingprovider.dll.mui (18 KB)
Extracting: G:\sources\en-us\input.dll.mui (24.5 KB)
Extracting: G:\sources\en-us\logprovider.dll.mui (6 KB)
Extracting: G:\sources\en-us\mediasetupuimgr.dll.mui (57 KB)
Extracting: G:\sources\en-us\migres.dll.mui (7.5 KB)
Extracting: G:\sources\en-us\nlsbres.dll.mui (64 KB)
Extracting: G:\sources\en-us\oobe_help_opt_in_details.rtf (108.6 KB)
Extracting: G:\sources\en-us\pnpibs.dll.mui (5 KB)
Extracting: G:\sources\en-us\privacy.rtf (771 bytes)
Extracting: G:\sources\en-us\reagent.adml (1.8 KB)
Extracting: G:\sources\en-us\reagent.dll.mui (10.5 KB)
Extracting: G:\sources\en-us\rollback.exe.mui (4.5 KB)
Extracting: G:\sources\en-us\setup.exe.mui (18 KB)
Extracting: G:\sources\en-us\setupcompat.dll.mui (3 KB)
Extracting: G:\sources\en-us\setupcore.dll.mui (18.5 KB)
Extracting: G:\sources\en-us\setuperror.exe.mui (3.5 KB)
Extracting: G:\sources\en-us\setupmgr.dll.mui (2.5 KB)
Extracting: G:\sources\en-us\setupplatform.exe.mui (13.8 KB)
Extracting: G:\sources\en-us\setupprep.exe.mui (25.5 KB)
Extracting: G:\sources\en-us\smiengine.dll.mui (12 KB)
Extracting: G:\sources\en-us\spwizres.dll.mui (8 KB)
Extracting: G:\sources\en-us\upgloader.dll.mui (4.5 KB)
Extracting: G:\sources\en-us\uxlibres.dll.mui (3 KB)
Extracting: G:\sources\en-us\vhdprovider.dll.mui (7 KB)
Extracting: G:\sources\en-us\vofflps.rtf (769 bytes)
Extracting: G:\sources\en-us\w32uires.dll.mui (200.5 KB)
Extracting: G:\sources\en-us\wdsclient.dll.mui (7.5 KB)
Extracting: G:\sources\en-us\wdsimage.dll.mui (6 KB)
Extracting: G:\sources\en-us\wimgapi.dll.mui (16 KB)
Extracting: G:\sources\en-us\wimprovider.dll.mui (27 KB)
Extracting: G:\sources\en-us\windlp.dll.mui (5.5 KB)
Extracting: G:\sources\en-us\winsetup.dll.mui (52.5 KB)
Extracting: G:\sources\etwproviders\en-us\actionqueueetw.dll.mui (3.5 KB)
Extracting: G:\sources\etwproviders\actionqueueetw.dll (21.5 KB)
Extracting: G:\sources\etwproviders\auditetw.dll (25.5 KB)
Extracting: G:\sources\etwproviders\cmisetupetw.dll (25.5 KB)
Extracting: G:\sources\etwproviders\etwproviderinstall.vbs (6.7 KB)
Extracting: G:\sources\etwproviders\oobeldretw.dll (25.5 KB)
Extracting: G:\sources\etwproviders\setupcletw.dll (29.5 KB)
Extracting: G:\sources\etwproviders\setupetw.dll (29.3 KB)
Extracting: G:\sources\etwproviders\setupugcetw.dll (25.5 KB)
Extracting: G:\sources\etwproviders\sysprepetw.dll (29.5 KB)
Extracting: G:\sources\etwproviders\windeployetw.dll (25.5 KB)
Extracting: G:\sources\etwproviders\winsetupetw.dll (73.5 KB)
Extracting: G:\sources\inf\setup.cfg (3.5 KB)
Extracting: G:\sources\migration\wtr\adminpack_en-us.inf (651 bytes)
Extracting: G:\sources\migration\wtr\adminpack_en-us_noloc.inf (414 bytes)
Extracting: G:\sources\migration\wtr\appmanwtr.inf (16.8 KB)
Extracting: G:\sources\migration\wtr\browserchoice_win7.inf (7 KB)
Extracting: G:\sources\migration\wtr\browserchoice_win8.inf (1.6 KB)
Extracting: G:\sources\migration\wtr\compattelemetry.inf (1.5 KB)
Extracting: G:\sources\migration\wtr\ftp_7.0.inf (1.6 KB)
Extracting: G:\sources\migration\wtr\ftp_7.5_en-us_noloc.inf (2.1 KB)
Extracting: G:\sources\migration\wtr\ftp_7.5_loc.inf (2.7 KB)
Extracting: G:\sources\migration\wtr\gwxmig.inf (1.1 KB)
Extracting: G:\sources\migration\wtr\powershell_en-us_noloc.inf (1002 bytes)
Extracting: G:\sources\migration\wtr\powershell_loc.inf (2.5 KB)
Extracting: G:\sources\migration\wtr\standardcollector.inf (486 bytes)
Extracting: G:\sources\migration\wtr\unpmig.inf (9.8 KB)
Extracting: G:\sources\migration\wtr\webdav_7.0.inf (724 bytes)
Extracting: G:\sources\migration\wtr\webdav_7.5_en-us_noloc.inf (961 bytes)
Extracting: G:\sources\migration\wtr\webdav_7.5_loc.inf (1.2 KB)
Extracting: G:\sources\replacementmanifests\hwvid-migration-2\hwvidmigplugin.dll (97.3 KB)
Extracting: G:\sources\replacementmanifests\microsoft-activedirectory-webservices\adwsmigrate.dll (117.3 KB)
Extracting: G:\sources\replacementmanifests\microsoft-azurestack-hci-plugin\azshcimigplugin.dll (109.3 KB)
Extracting: G:\sources\replacementmanifests\microsoft-client-license-platform-service-migration\clipmigplugin.dll (265.3 KB)
Extracting: G:\sources\replacementmanifests\microsoft-edge-migration-plugin\edgemigrationplugin.dll (153.4 KB)
Extracting: G:\sources\replacementmanifests\microsoft-onecore-tiledatarepository\tilestoremigrationplugin.dll (157.4 KB)
Extracting: G:\sources\replacementmanifests\microsoft-windows-appmanagement-migration\appmanmigrationplugin.dll (1.2 MB)
Extracting: G:\sources\replacementmanifests\microsoft-windows-appx-deployment-server\appxprovisioning.xml (3.3 KB)
Extracting: G:\sources\replacementmanifests\microsoft-windows-appx-deployment-server\appxupgrademigrationplugin.dll (493.4 KB)
Extracting: G:\sources\replacementmanifests\microsoft-windows-appx-deployment-server\microsoft.windows.secondarytileexperience_10.0.0.0_neutral__cw5n1h2txyewy.xml (1.7 KB)
Extracting: G:\sources\replacementmanifests\microsoft-windows-appx-deployment-server\windows.miracastview_6.3.0.0_neutral_neutral_cw5n1h2txyewy.xml (1.5 KB)
Extracting: G:\sources\replacementmanifests\microsoft-windows-audio-mmecore-other\audmigplugin.dll (117.3 KB)
Extracting: G:\sources\replacementmanifests\microsoft-windows-com-complus-setup\commig.dll (189.3 KB)
Extracting: G:\sources\replacementmanifests\microsoft-windows-deviceassociationframeworkmigration\dafmigplugin.dll (325.4 KB)
Extracting: G:\sources\replacementmanifests\microsoft-windows-directoryservices-adam-client\adammigrate.dll (145.3 KB)
Extracting: G:\sources\replacementmanifests\microsoft-windows-iis-rm\iismig.dll (397.3 KB)
Extracting: G:\sources\replacementmanifests\microsoft-windows-mapscontrol-migration\mapsmigplugin.dll (125.3 KB)
Extracting: G:\sources\replacementmanifests\microsoft-windows-mup\mupmigplugin.dll (145.3 KB)
Extracting: G:\sources\replacementmanifests\microsoft-windows-network-setup\netsetupapi.dll (173.3 KB)
Extracting: G:\sources\replacementmanifests\microsoft-windows-network-setup\netsetupengine.dll (897.3 KB)
Extracting: G:\sources\replacementmanifests\microsoft-windows-network-setup\networkbindingenginemigplugin.dll (401.3 KB)
Extracting: G:\sources\replacementmanifests\microsoft-windows-offlinefiles-core\en-us\cscmig.dll.mui (3 KB)
Extracting: G:\sources\replacementmanifests\microsoft-windows-offlinefiles-core\cscmig.dll (161.3 KB)
Extracting: G:\sources\replacementmanifests\microsoft-windows-pnpmigration\pnpmig.dll (413.3 KB)
Extracting: G:\sources\replacementmanifests\microsoft-windows-pnpmigration\pnpmig.inf (24.6 KB)
Extracting: G:\sources\replacementmanifests\microsoft-windows-rasapi-mig\pbkmigr.dll (101.3 KB)
Extracting: G:\sources\replacementmanifests\microsoft-windows-rasserver-migplugin\rasmigplugin.dll (413.3 KB)
Extracting: G:\sources\replacementmanifests\microsoft-windows-security-ngc-localaccountmigplugin\ngclocalaccountmigplugin.dll (117.3 KB)
Extracting: G:\sources\replacementmanifests\microsoft-windows-shmig\en-us\shmig.dll.mui (4 KB)
Extracting: G:\sources\replacementmanifests\microsoft-windows-shmig\shmig.dll (229.3 KB)
Extracting: G:\sources\replacementmanifests\microsoft-windows-sxs\en-us\sxsmigplugin.dll.mui (2.5 KB)
Extracting: G:\sources\replacementmanifests\microsoft-windows-sxs\sxsmigplugin.dll (141.3 KB)
Extracting: G:\sources\replacementmanifests\microsoft-windows-tcpip\netiomig.dll (109.4 KB)
Extracting: G:\sources\replacementmanifests\microsoft-windows-terminalservices-appserver-licensing\tsmigplugin.dll (121.3 KB)
Extracting: G:\sources\replacementmanifests\microsoft-windows-terminalservices-licenseserver\tlsrepplugin.dll (137.3 KB)
Extracting: G:\sources\replacementmanifests\microsoft-windows-textservicesframework-migration\chxmig.dll (169.3 KB)
Extracting: G:\sources\replacementmanifests\microsoft-windows-textservicesframework-migration\imjpmig.dll (213.3 KB)
Extracting: G:\sources\replacementmanifests\microsoft-windows-textservicesframework-migration\imkrmig.dll (137.3 KB)
Extracting: G:\sources\replacementmanifests\microsoft-windows-textservicesframework-migration\msctfmig.dll (161.4 KB)
Extracting: G:\sources\replacementmanifests\microsoft-windows-textservicesframework-migration\tabletextservicemig.dll (109.3 KB)
Extracting: G:\sources\replacementmanifests\microsoft-windows-virtualization-vmswitch\vmswitchmigrationplugin.dll (301.3 KB)
Extracting: G:\sources\replacementmanifests\networkbridge\bridgemigplugin.dll (133.3 KB)
Extracting: G:\sources\replacementmanifests\networking-mpssvc-svc\icfupgd.dll (173.4 KB)
Extracting: G:\sources\replacementmanifests\printing-localprinting-replacement\apmonportmig.dll (129.3 KB)
Extracting: G:\sources\replacementmanifests\printing-localprinting-replacement\usbportmig.dll (153.3 KB)
Extracting: G:\sources\replacementmanifests\sppmig\sppmig.dll (69.4 KB)
Extracting: G:\sources\replacementmanifests\windowssearchengine\wsearchmigplugin.dll (157.3 KB)
Extracting: G:\sources\replacementmanifests\activedirectory-webservices-replacement.man (1.7 KB)
Extracting: G:\sources\replacementmanifests\adsi-router-replacement.man (1.9 KB)
Extracting: G:\sources\replacementmanifests\application-experience-program-compatibility-assistant-replacement.man (11.7 KB)
Extracting: G:\sources\replacementmanifests\appmanmigration-replacement.man (2.1 KB)
Extracting: G:\sources\replacementmanifests\appxalluserstore-replacement.man (2.0 KB)
Extracting: G:\sources\replacementmanifests\appxdeploymentserver-replacement.man (9.8 KB)
Extracting: G:\sources\replacementmanifests\audiommecore-mm-other-migration-replacement.man (1.3 KB)
Extracting: G:\sources\replacementmanifests\authui-migration-replacement.man (8 KB)
Extracting: G:\sources\replacementmanifests\authui-migration-win8-replacement.man (11.3 KB)
Extracting: G:\sources\replacementmanifests\azshci-service-migration-replacement.man (862 bytes)
Extracting: G:\sources\replacementmanifests\bisrv-replacement.man (1.5 KB)
Extracting: G:\sources\replacementmanifests\capi2_certs-repl.man (12.7 KB)
Extracting: G:\sources\replacementmanifests\certificateenrollment-replacement.man (976 bytes)
Extracting: G:\sources\replacementmanifests\cliplicensemigration-replacement.man (3.7 KB)
Extracting: G:\sources\replacementmanifests\cloudapreplacement.man (1.7 KB)
Extracting: G:\sources\replacementmanifests\cloudexperiencehostonecore-replacement.man (967 bytes)
Extracting: G:\sources\replacementmanifests\codeintegrity-repl.man (3.0 KB)
Extracting: G:\sources\replacementmanifests\commandprompt-win7-replacement.man (2.7 KB)
Extracting: G:\sources\replacementmanifests\commandprompt-win8-replacement.man (11.4 KB)
Extracting: G:\sources\replacementmanifests\contentdeliverymanager.utilities-replacement.man (7.3 KB)
Extracting: G:\sources\replacementmanifests\coremmres-replacement.man (1.1 KB)
Extracting: G:\sources\replacementmanifests\coreos-repl.man (1.6 KB)
Extracting: G:\sources\replacementmanifests\credential-manager-replacement.man (5.3 KB)
Extracting: G:\sources\replacementmanifests\crypto_keys-repl.man (2.8 KB)
Extracting: G:\sources\replacementmanifests\dataintegrityscan-replacement.man (1.2 KB)
Extracting: G:\sources\replacementmanifests\dcb-repl.man (734 bytes)
Extracting: G:\sources\replacementmanifests\desktopux-replacement.man (5.2 KB)
Extracting: G:\sources\replacementmanifests\deviceassociationframework-replacement.man (1.5 KB)
Extracting: G:\sources\replacementmanifests\devicedirectory-devicedirectoryclient-desktop-replacement.man (1.2 KB)
Extracting: G:\sources\replacementmanifests\deviceregistration-replacement.man (1 KB)
Extracting: G:\sources\replacementmanifests\dhcpclientdll-repl.man (4.1 KB)
Extracting: G:\sources\replacementmanifests\dhcpserver-tools-replacement.man (636 bytes)
Extracting: G:\sources\replacementmanifests\dhcpservermigplugin-rep.man (12.5 KB)
Extracting: G:\sources\replacementmanifests\dhcpservermigpluginwin8-replacement.man (6.0 KB)
Extracting: G:\sources\replacementmanifests\directaccessservermanagement-repl.man (1.2 KB)
Extracting: G:\sources\replacementmanifests\directoryservices-adam-client-replacement.man (1 KB)
Extracting: G:\sources\replacementmanifests\directoryservices-adam-tools-replacement.man (664 bytes)
Extracting: G:\sources\replacementmanifests\directoryservices-administrativecenter-replacement.man (666 bytes)
Extracting: G:\sources\replacementmanifests\directoryservices-domaincontroller-servercoreupg-replacement.man (1.2 KB)
Extracting: G:\sources\replacementmanifests\directoryservices-domaincontroller-tools-replacement.man (682 bytes)
Extracting: G:\sources\replacementmanifests\directoryservices-sm-plugin.registration-replacement.man (1.6 KB)
Extracting: G:\sources\replacementmanifests\displayconfigsettings_win7update.man (2.2 KB)
Extracting: G:\sources\replacementmanifests\dmrcwin7replacement.man (917 bytes)
Extracting: G:\sources\replacementmanifests\dns-client-mw-replacement.man (7.5 KB)
Extracting: G:\sources\replacementmanifests\dns-client-replacement.man (2.2 KB)
Extracting: G:\sources\replacementmanifests\dns-server-role-replacement.man (802 bytes)
Extracting: G:\sources\replacementmanifests\dns-server-tools-replacement.man (634 bytes)
Extracting: G:\sources\replacementmanifests\dpapi_keys-repl.man (4.2 KB)
Extracting: G:\sources\replacementmanifests\dsreg-replacement.man (1.6 KB)
Extracting: G:\sources\replacementmanifests\edgemigrationplugin.man (923 bytes)
Extracting: G:\sources\replacementmanifests\edpnotify-replacement.man (830 bytes)
Extracting: G:\sources\replacementmanifests\elam-replacement.man (1016 bytes)
Extracting: G:\sources\replacementmanifests\etw-core-replacement.man (1.4 KB)
Extracting: G:\sources\replacementmanifests\eudcedit-replacement.man (2 KB)
Extracting: G:\sources\replacementmanifests\explorer-repl.man (4.3 KB)
Extracting: G:\sources\replacementmanifests\extensibleauthenticationprotocolhostservice-rep.man (2.9 KB)
Extracting: G:\sources\replacementmanifests\failovercluster-core-wow64-rm.man (929 bytes)
Extracting: G:\sources\replacementmanifests\failovercluster-updating-powershellcore-replacement.man (3.3 KB)
Extracting: G:\sources\replacementmanifests\feclient-replacement-th.man (1017 bytes)
Extracting: G:\sources\replacementmanifests\fidocredprov_dll_repl.man (1.5 KB)
Extracting: G:\sources\replacementmanifests\fileserver-replacement.man (1.3 KB)
Extracting: G:\sources\replacementmanifests\font-truetype-fontsregistrysettingsmigration-replacement.man (99.0 KB)
Extracting: G:\sources\replacementmanifests\fonts-type1-replacement.man (1.4 KB)
Extracting: G:\sources\replacementmanifests\fsdepends-replacement.man (1004 bytes)
Extracting: G:\sources\replacementmanifests\fundisc-replacement.man (1.4 KB)
Extracting: G:\sources\replacementmanifests\fveapi-replacement.man (1.1 KB)
Extracting: G:\sources\replacementmanifests\gatewayservice-replacement.man (1.8 KB)
Extracting: G:\sources\replacementmanifests\gpbase-replacement.man (9.9 KB)
Extracting: G:\sources\replacementmanifests\gpiobuttons-replacement.man (1.2 KB)
Extracting: G:\sources\replacementmanifests\hal-repl.man (1.2 KB)
Extracting: G:\sources\replacementmanifests\helpandsupport-replacement.man (1 KB)
Extracting: G:\sources\replacementmanifests\http-replacement.man (942 bytes)
Extracting: G:\sources\replacementmanifests\hwvid-migration-replacement-2.man (1 KB)
Extracting: G:\sources\replacementmanifests\hyperv-compute-host-service-replacement.man (1.8 KB)
Extracting: G:\sources\replacementmanifests\iasruntime-repl.man (6.3 KB)
Extracting: G:\sources\replacementmanifests\identityserver-migration-replacement.man (1.4 KB)
Extracting: G:\sources\replacementmanifests\identityserver-proxymigration-replacement.man (1.9 KB)
Extracting: G:\sources\replacementmanifests\identitystore-replacement.man (1.2 KB)
Extracting: G:\sources\replacementmanifests\iis-adminservice-rm.man (970 bytes)
Extracting: G:\sources\replacementmanifests\iis-appwarmup-rm.man (1 KB)
Extracting: G:\sources\replacementmanifests\iis-ftpsvc-rm.man (967 bytes)
Extracting: G:\sources\replacementmanifests\iis-managementconsole-rm.man (743 bytes)
Extracting: G:\sources\replacementmanifests\iis-sharedlibraries-rm.man (1.8 KB)
Extracting: G:\sources\replacementmanifests\iis-w3logsvc-rm.man (1.3 KB)
Extracting: G:\sources\replacementmanifests\iis-w3svc-rm.man (1.3 KB)
Extracting: G:\sources\replacementmanifests\ime-eashared-migration-replacement.man (1.5 KB)
Extracting: G:\sources\replacementmanifests\international-core-replacement.man (4.8 KB)
Extracting: G:\sources\replacementmanifests\international-timezones-replacement.man (3.5 KB)
Extracting: G:\sources\replacementmanifests\internet-naming-service-runtime-rep.man (4.6 KB)
Extracting: G:\sources\replacementmanifests\internet-naming-tools-replacement.man (640 bytes)
Extracting: G:\sources\replacementmanifests\ipv4ipv6coexistencemigration-net-replacement.man (3.7 KB)
Extracting: G:\sources\replacementmanifests\kernel-pnp-repl.man (1.3 KB)
Extracting: G:\sources\replacementmanifests\kernel-server-replacement.man (1.3 KB)
Extracting: G:\sources\replacementmanifests\kernel32-replacement.man (896 bytes)
Extracting: G:\sources\replacementmanifests\kernel32-server-replacement.man (657 bytes)
Extracting: G:\sources\replacementmanifests\keyboardfilter-replacement.man (1.1 KB)
Extracting: G:\sources\replacementmanifests\ldap-client-replacement.man (1.2 KB)
Extracting: G:\sources\replacementmanifests\legacy-sapi-repl.man (4.7 KB)
Extracting: G:\sources\replacementmanifests\mdm_migration-replacement.man (25.0 KB)
Extracting: G:\sources\replacementmanifests\media-settings-migration-replacement.man (993 bytes)
Extracting: G:\sources\replacementmanifests\memextdriver-replacement.man (1.9 KB)
Extracting: G:\sources\replacementmanifests\mfmpeg2srcsnk-migration-replacement.man (1 KB)
Extracting: G:\sources\replacementmanifests\mfplat-migration-replacement.man (2.8 KB)
Extracting: G:\sources\replacementmanifests\mfsrcsnk-migration-replacement.man (1.1 KB)
Extracting: G:\sources\replacementmanifests\microsoft-activedirectory-powershell-replacement.man (703 bytes)
Extracting: G:\sources\replacementmanifests\microsoft-certificateauthority-enrollment-serverupgrade-replacement.man (1.9 KB)
Extracting: G:\sources\replacementmanifests\microsoft-certificateservices-ca-serverupgrade-replacement.man (2 KB)
Extracting: G:\sources\replacementmanifests\microsoft-certificateservices-mscep-serverupgrade-replacement.man (2.0 KB)
Extracting: G:\sources\replacementmanifests\microsoft-certificateservices-ocsp-serverupgrade-replacement.man (1.9 KB)
Extracting: G:\sources\replacementmanifests\microsoft-certificateservices-policy-serverupgrade-replacement.man (1.9 KB)
Extracting: G:\sources\replacementmanifests\microsoft-certificateservices-webenrollment-serverupgrade-replacement.man (2 KB)
Extracting: G:\sources\replacementmanifests\microsoft-hyper-v-client-migration-replacement.man (1.3 KB)
Extracting: G:\sources\replacementmanifests\microsoft-hyper-v-drivers-migration-replacement.man (634 bytes)
Extracting: G:\sources\replacementmanifests\microsoft-hyper-v-migration-replacement.man (5.9 KB)
Extracting: G:\sources\replacementmanifests\microsoft-onecore-tiledatarepository-replacement.man (918 bytes)
Extracting: G:\sources\replacementmanifests\microsoft-windows-advertisingid-replacement.man (1.2 KB)
Extracting: G:\sources\replacementmanifests\microsoft-windows-credentialmanagementrole-replacement.man (1.9 KB)
Extracting: G:\sources\replacementmanifests\microsoft-windows-credentialmanagementrole-tools-replacement.man (1.3 KB)
Extracting: G:\sources\replacementmanifests\microsoft-windows-deployment-services-admin-pack-replacement.man (672 bytes)
Extracting: G:\sources\replacementmanifests\microsoft-windows-deviceaccess-replacement.man (1.4 KB)
Extracting: G:\sources\replacementmanifests\microsoft-windows-enterprisemgmt-replacement.man (1.4 KB)
Extracting: G:\sources\replacementmanifests\microsoft-windows-errorreportingcore-replacement.man (17.7 KB)
Extracting: G:\sources\replacementmanifests\microsoft-windows-errorreportingfaults-replacement.man (1.3 KB)
Extracting: G:\sources\replacementmanifests\microsoft-windows-failovercluster-adminpak-replacement.man (657 bytes)
Extracting: G:\sources\replacementmanifests\microsoft-windows-fax-service-replacement.man (3.9 KB)
Extracting: G:\sources\replacementmanifests\microsoft-windows-feedback-service-replacement.man (1.4 KB)
Extracting: G:\sources\replacementmanifests\microsoft-windows-flighting-settings.replacement.man (5.0 KB)
Extracting: G:\sources\replacementmanifests\microsoft-windows-geolocation-replacement.man (1.8 KB)
Extracting: G:\sources\replacementmanifests\microsoft-windows-identity-foundation-migration-replacement.man (2.1 KB)
Extracting: G:\sources\replacementmanifests\microsoft-windows-ie-adminkitbranding-repl.man (4.1 KB)
Extracting: G:\sources\replacementmanifests\microsoft-windows-ie-clientnetworkprotocolimplementation-repl.man (19.1 KB)
Extracting: G:\sources\replacementmanifests\microsoft-windows-ie-internetexplorer-repl-2.man (19.5 KB)
Extracting: G:\sources\replacementmanifests\microsoft-windows-ie-internetexplorer-repl.man (16.5 KB)
Extracting: G:\sources\replacementmanifests\microsoft-windows-ie-pdm-replacement.man (2.8 KB)
Extracting: G:\sources\replacementmanifests\microsoft-windows-netfx35cdfcomp-replacement.man (911 bytes)
Extracting: G:\sources\replacementmanifests\microsoft-windows-netfxcorecomp-repl.man (44.7 KB)
Extracting: G:\sources\replacementmanifests\microsoft-windows-network-setup-replacement.man (884 bytes)
Extracting: G:\sources\replacementmanifests\microsoft-windows-networkbridge-replacement.man (744 bytes)
Extracting: G:\sources\replacementmanifests\microsoft-windows-offlinefiles-replacement.man (7.9 KB)
Extracting: G:\sources\replacementmanifests\microsoft-windows-powershell-replacement.man (3.6 KB)
Extracting: G:\sources\replacementmanifests\microsoft-windows-powershell-ws08-replacement.man (1.1 KB)
Extracting: G:\sources\replacementmanifests\microsoft-windows-powershellwebaccess-commands-powershell-migration-replacement.man (874 bytes)
Extracting: G:\sources\replacementmanifests\microsoft-windows-rmapi-replacement.man (1.7 KB)
Extracting: G:\sources\replacementmanifests\microsoft-windows-securestartup-filterdriver-replacement.man (4.1 KB)
Extracting: G:\sources\replacementmanifests\microsoft-windows-security-ngc-credprov-replacement.man (1.7 KB)
Extracting: G:\sources\replacementmanifests\microsoft-windows-security-ngc-ctnrsvc-repl.man (1.3 KB)
Extracting: G:\sources\replacementmanifests\microsoft-windows-servermanager-rsat-featuretools-replacement.man (686 bytes)
Extracting: G:\sources\replacementmanifests\microsoft-windows-servermanager-rsat-replacement.man (659 bytes)
Extracting: G:\sources\replacementmanifests\microsoft-windows-servermanager-rsat-roletools-replacement.man (680 bytes)
Extracting: G:\sources\replacementmanifests\microsoft-windows-servermanager-shell-replacement.man (747 bytes)
Extracting: G:\sources\replacementmanifests\microsoft-windows-services-targetedcontent-replacement.man (839 bytes)
Extracting: G:\sources\replacementmanifests\microsoft-windows-slb-mux-replacement.man (1.9 KB)
Extracting: G:\sources\replacementmanifests\microsoft-windows-smb1-replacement.man (932 bytes)
Extracting: G:\sources\replacementmanifests\microsoft-windows-softwareinventorylogging-scheduledtasks-replacement.man (1 KB)
Extracting: G:\sources\replacementmanifests\microsoft-windows-storagemigration-od-replacement.man (1.5 KB)
Extracting: G:\sources\replacementmanifests\microsoft-windows-storagemigration-replacement.man (6.2 KB)
Extracting: G:\sources\replacementmanifests\microsoft-windows-sxs-replacement.man (1.5 KB)
Extracting: G:\sources\replacementmanifests\microsoft-windows-virtualization-vmswitch-migration-replacement.man (1.9 KB)
Extracting: G:\sources\replacementmanifests\microsoft-windows-wcfcorecomp-replacement.man (865 bytes)
Extracting: G:\sources\replacementmanifests\microsoft-windows-workstationservice-replacement.man (1.2 KB)
Extracting: G:\sources\replacementmanifests\microsoft.windows.com.complus.setup-replacement.man (1.9 KB)
Extracting: G:\sources\replacementmanifests\microsoft.windows.com.dtc.setup-replacement.man (4.4 KB)
Extracting: G:\sources\replacementmanifests\microsoftwindowsdefragcore-replacement.man (1.5 KB)
Extracting: G:\sources\replacementmanifests\mmdeviceapi-migration-replacement.man (3.6 KB)
Extracting: G:\sources\replacementmanifests\mmsys-migration-replacement.man (1.3 KB)
Extracting: G:\sources\replacementmanifests\mpr-replacement.man (770 bytes)
Extracting: G:\sources\replacementmanifests\msmpeg2vdec-migration-replacement.man (1.2 KB)
Extracting: G:\sources\replacementmanifests\muisettings-replacement.man (1.6 KB)
Extracting: G:\sources\replacementmanifests\mup-replacement.man (2.5 KB)
Extracting: G:\sources\replacementmanifests\nchostagent-replacement.man (3.1 KB)
Extracting: G:\sources\replacementmanifests\ndis-repl.man (3.3 KB)
Extracting: G:\sources\replacementmanifests\netfx-wcf-http-activation-replacement.man (1.8 KB)
Extracting: G:\sources\replacementmanifests\netfx-wcf-msmqactivation-registration-replacement.man (1 KB)
Extracting: G:\sources\replacementmanifests\netfx-wcf-pipeactivation-registration-replacement.man (1 KB)
Extracting: G:\sources\replacementmanifests\netfx-wcf-tcpactivation-registration-replacement.man (1 KB)
Extracting: G:\sources\replacementmanifests\netfx3-replacement.man (601 bytes)
Extracting: G:\sources\replacementmanifests\netfx4-policy-replacement.man (863 bytes)
Extracting: G:\sources\replacementmanifests\netfx4-replacement.man (668 bytes)
Extracting: G:\sources\replacementmanifests\netfx4-wcf-client-replacement.man (1.5 KB)
Extracting: G:\sources\replacementmanifests\netfx4-wcf-extended-replacement.man (1.4 KB)
Extracting: G:\sources\replacementmanifests\netfx4clientcorecomp-replacement.man (17.1 KB)
Extracting: G:\sources\replacementmanifests\networking-mpssvc-svc.replacement.man (1.7 KB)
Extracting: G:\sources\replacementmanifests\networkloadbalancingmanagementclient-replacement.man (674 bytes)
Extracting: G:\sources\replacementmanifests\networkloadbalancingmanagementheadlessserver-replacement.man (673 bytes)
Extracting: G:\sources\replacementmanifests\networkprofile-replacement.man (2.1 KB)
Extracting: G:\sources\replacementmanifests\networksecurity.replacement.man (10.3 KB)
Extracting: G:\sources\replacementmanifests\nfs-admincore-repl.man (1.2 KB)
Extracting: G:\sources\replacementmanifests\nfs-clientcore-repl.man (1.2 KB)
Extracting: G:\sources\replacementmanifests\nfs-servercore-repl.man (1.2 KB)
Extracting: G:\sources\replacementmanifests\nfs-servercoreupg-clientcore-repl.man (1.1 KB)
Extracting: G:\sources\replacementmanifests\nfs-servercoreupg-servercore-repl.man (1.1 KB)
Extracting: G:\sources\replacementmanifests\ngclocalaccountmigplugin-replacement.man (1.3 KB)
Extracting: G:\sources\replacementmanifests\ngcpopkeysrv_dll-repl.man (911 bytes)
Extracting: G:\sources\replacementmanifests\nlasvc-replace.man (943 bytes)
Extracting: G:\sources\replacementmanifests\notepad-repl.man (1 KB)
Extracting: G:\sources\replacementmanifests\npas-role-replacement.man (753 bytes)
Extracting: G:\sources\replacementmanifests\npsui-replacement.man (633 bytes)
Extracting: G:\sources\replacementmanifests\odbc32dll-repl.man (13.6 KB)
Extracting: G:\sources\replacementmanifests\onecore_speechcommon-rep.man (11.6 KB)
Extracting: G:\sources\replacementmanifests\openssh-common-components-onecore-replacement.man (911 bytes)
Extracting: G:\sources\replacementmanifests\pcpksp_dll-repl.man (3.5 KB)
Extracting: G:\sources\replacementmanifests\peerdist-client-migration-replacement.man (6.2 KB)
Extracting: G:\sources\replacementmanifests\peerdist-server-migration-replacement.man (6.2 KB)
Extracting: G:\sources\replacementmanifests\peerdist-upgrade-replacement.man (3.2 KB)
Extracting: G:\sources\replacementmanifests\peertopeergrouping-replacement.man (1.7 KB)
Extracting: G:\sources\replacementmanifests\performancecounterinfrastructurenonexecutable-replacement.man (1.6 KB)
Extracting: G:\sources\replacementmanifests\personalizationcsp-repl.man (1.4 KB)
Extracting: G:\sources\replacementmanifests\pnpmigration-replacement.man (982 bytes)
Extracting: G:\sources\replacementmanifests\posproviders-replacement.man (1.3 KB)
Extracting: G:\sources\replacementmanifests\power-energyestimationengine-replacement.man (6.3 KB)
Extracting: G:\sources\replacementmanifests\powercpl-replacement.man (2.5 KB)
Extracting: G:\sources\replacementmanifests\powermanagement-powerpolicy-definitions-replacement-v1019h1.man (6.0 KB)
Extracting: G:\sources\replacementmanifests\powermanagement-powerpolicy-definitions-replacement-v1119h1.man (5.5 KB)
Extracting: G:\sources\replacementmanifests\powermanagement-powerpolicy-definitions-replacement-v12vb.man (5.5 KB)
Extracting: G:\sources\replacementmanifests\powermanagement-powerpolicy-definitions-replacement-v13vb.man (5.9 KB)
Extracting: G:\sources\replacementmanifests\powermanagement-powerpolicy-definitions-replacement-v4rs1.man (4.1 KB)
Extracting: G:\sources\replacementmanifests\powermanagement-powerpolicy-definitions-replacement-v5rs1.man (4.1 KB)
Extracting: G:\sources\replacementmanifests\powermanagement-powerpolicy-definitions-replacement-v6rs2.man (4.1 KB)
Extracting: G:\sources\replacementmanifests\powermanagement-powerpolicy-definitions-replacement-v7rs2.man (5.3 KB)
Extracting: G:\sources\replacementmanifests\powermanagement-powerpolicy-definitions-replacement-v8rs4.man (5.8 KB)
Extracting: G:\sources\replacementmanifests\powermanagement-powerpolicy-definitions-replacement-v9rs5.man (5.9 KB)
Extracting: G:\sources\replacementmanifests\powermanagement-powerpolicy-definitions-replacement-vista.man (1.9 KB)
Extracting: G:\sources\replacementmanifests\powermanagement-powerpolicy-definitions-replacement-win10.man (3.3 KB)
Extracting: G:\sources\replacementmanifests\powermanagement-powerpolicy-definitions-replacement-win7.man (2.6 KB)
Extracting: G:\sources\replacementmanifests\powermanagement-powerpolicy-definitions-replacement-win8.man (26.5 KB)
Extracting: G:\sources\replacementmanifests\powermanagement-powerpolicy-migration-replacement.man (652 bytes)
Extracting: G:\sources\replacementmanifests\ppipolicies-encryption-replacement.man (1001 bytes)
Extracting: G:\sources\replacementmanifests\ppipolicies-general-replacement.man (2.1 KB)
Extracting: G:\sources\replacementmanifests\ppipolicies-miracast-replacement.man (1.3 KB)
Extracting: G:\sources\replacementmanifests\ppipolicies-power-replacement.man (985 bytes)
Extracting: G:\sources\replacementmanifests\printing-localprinting-replacement.man (3.5 KB)
Extracting: G:\sources\replacementmanifests\printing-server-foundation-features-upgrade.man (1.4 KB)
Extracting: G:\sources\replacementmanifests\printing-servercore-wow64-rm.man (930 bytes)
Extracting: G:\sources\replacementmanifests\printing-spooler-core-replacement.man (933 bytes)
Extracting: G:\sources\replacementmanifests\processmodel-cpt-rm.man (1.8 KB)
Extracting: G:\sources\replacementmanifests\profsvcreplacement.man (1 KB)
Extracting: G:\sources\replacementmanifests\propsys-replacement.man (2.2 KB)
Extracting: G:\sources\replacementmanifests\quickactions-windows-replacement.man (1.3 KB)
Extracting: G:\sources\replacementmanifests\rasapi-repl.man (3.1 KB)
Extracting: G:\sources\replacementmanifests\rasbase-rassstp-repl.man (6.0 KB)
Extracting: G:\sources\replacementmanifests\rasbase-repl.man (5.8 KB)
Extracting: G:\sources\replacementmanifests\rasddm-repl.man (2.5 KB)
Extracting: G:\sources\replacementmanifests\rasmanservice-repl.man (2.2 KB)
Extracting: G:\sources\replacementmanifests\rasmanservice-replv2.man (2.6 KB)
Extracting: G:\sources\replacementmanifests\rasmanservice-replv3.man (2.7 KB)
Extracting: G:\sources\replacementmanifests\rasppp-repl.man (2.9 KB)
Extracting: G:\sources\replacementmanifests\rasrqs-repl.man (1.8 KB)
Extracting: G:\sources\replacementmanifests\rasserver-repl.man (26.6 KB)
Extracting: G:\sources\replacementmanifests\rasserveradmintools-replacement.man (642 bytes)
Extracting: G:\sources\replacementmanifests\refs-replacement.man (1.1 KB)
Extracting: G:\sources\replacementmanifests\refs-v1-replacement.man (454 bytes)
Extracting: G:\sources\replacementmanifests\retaildemo.deployment.replacement.man (1 KB)
Extracting: G:\sources\replacementmanifests\rights-management-client-v1-api-replacement.man (4.4 KB)
Extracting: G:\sources\replacementmanifests\rights-management-services-admin-tools-replacement.man (1 KB)
Extracting: G:\sources\replacementmanifests\rights-management-services-management-tools-replacement.man (1 KB)
Extracting: G:\sources\replacementmanifests\rights-management-services-role-replacement.man (1019 bytes)
Extracting: G:\sources\replacementmanifests\schedsvc-replacement.man (2.3 KB)
Extracting: G:\sources\replacementmanifests\security-malware-windows-defender-repl.man (2.5 KB)
Extracting: G:\sources\replacementmanifests\security-spp-migration-replacement.man (2.8 KB)
Extracting: G:\sources\replacementmanifests\securitycenter-core-replacement.man (957 bytes)
Extracting: G:\sources\replacementmanifests\servercore-wow64-rm.man (763 bytes)
Extracting: G:\sources\replacementmanifests\settingshandlers_accessibility-replacement.man (972 bytes)
Extracting: G:\sources\replacementmanifests\sharedpccsp-repl.man (1.3 KB)
Extracting: G:\sources\replacementmanifests\sharemgmt-rsatclient-tools-replacement.man (625 bytes)
Extracting: G:\sources\replacementmanifests\shell32-replacement.man (18.2 KB)
Extracting: G:\sources\replacementmanifests\shmig-replacement.man (2.8 KB)
Extracting: G:\sources\replacementmanifests\shutdown-event-tracker-repl.man (1.1 KB)
Extracting: G:\sources\replacementmanifests\signalmanager-replacement.man (1 KB)
Extracting: G:\sources\replacementmanifests\signature-replacement.man (2.8 KB)
Extracting: G:\sources\replacementmanifests\smartcardsubsystem-repl.man (2.3 KB)
Extracting: G:\sources\replacementmanifests\smsroutersvc-replacement.man (2 KB)
Extracting: G:\sources\replacementmanifests\snippingtoolsettingsmigration-replacement.man (880 bytes)
Extracting: G:\sources\replacementmanifests\snmp-gui-tools-replacement.man (634 bytes)
Extracting: G:\sources\replacementmanifests\sounds-migration-replacement.man (2.4 KB)
Extracting: G:\sources\replacementmanifests\spectrum-replacement.man (864 bytes)
Extracting: G:\sources\replacementmanifests\srm-cbadriver-repl.man (2.5 KB)
Extracting: G:\sources\replacementmanifests\srm-datascrndriver-repl.man (2.6 KB)
Extracting: G:\sources\replacementmanifests\srm-infrastructure-repl.man (694 bytes)
Extracting: G:\sources\replacementmanifests\srm-management-repl.man (621 bytes)
Extracting: G:\sources\replacementmanifests\srm-quotadriver-repl.man (2.5 KB)
Extracting: G:\sources\replacementmanifests\srm-service-repl.man (4.0 KB)
Extracting: G:\sources\replacementmanifests\srm-service-reports-repl.man (2.8 KB)
Extracting: G:\sources\replacementmanifests\srm-ui-repl.man (2.4 KB)
Extracting: G:\sources\replacementmanifests\srumon-replacement.man (1.3 KB)
Extracting: G:\sources\replacementmanifests\starttiledata-replacement.man (4.5 KB)
Extracting: G:\sources\replacementmanifests\sysdm-replacement.man (2.6 KB)
Extracting: G:\sources\replacementmanifests\sysmain-replacement.man (1.8 KB)
Extracting: G:\sources\replacementmanifests\systemsettingsthreshold-replacement.man (1 KB)
Extracting: G:\sources\replacementmanifests\systemsettings_handlers_cortana-replacement.man (992 bytes)
Extracting: G:\sources\replacementmanifests\tabletpcplatforminput-core-replacement.man (15.3 KB)
Extracting: G:\sources\replacementmanifests\tcblaunch-replacement.man (880 bytes)
Extracting: G:\sources\replacementmanifests\tcpip-replacement.man (23.9 KB)
Extracting: G:\sources\replacementmanifests\terminalservices-appserver-licensing-replacement.man (1.1 KB)
Extracting: G:\sources\replacementmanifests\terminalservices-gateway-package-r-replacement.man (1 KB)
Extracting: G:\sources\replacementmanifests\terminalservices-gateway-package-replacement.man (1 KB)
Extracting: G:\sources\replacementmanifests\terminalservices-gateway-ui-package-r-replacement.man (1 KB)
Extracting: G:\sources\replacementmanifests\terminalservices-gateway-ui-package-replacement.man (1 KB)
Extracting: G:\sources\replacementmanifests\terminalservices-licenseserver-replacement.man (1.7 KB)
Extracting: G:\sources\replacementmanifests\terminalservices-localsessionmanager-replacement.man (1.3 KB)
Extracting: G:\sources\replacementmanifests\terminalservices-publishing-wmiprovider-replacement.man (904 bytes)
Extracting: G:\sources\replacementmanifests\terminalservices-rapweb-replacement.man (860 bytes)
Extracting: G:\sources\replacementmanifests\terminalservices-rapwebpart-replacement.man (1.1 KB)
Extracting: G:\sources\replacementmanifests\terminalservices-rdp-winstationextensions-replacement.man (3.3 KB)
Extracting: G:\sources\replacementmanifests\terminalservices-remoteconnectionmanager-replacement.man (5.3 KB)
Extracting: G:\sources\replacementmanifests\terminalservices-role-package-r-replacement.man (1 KB)
Extracting: G:\sources\replacementmanifests\terminalservices-role-package-replacement.man (1 KB)
Extracting: G:\sources\replacementmanifests\terminalservices-sessiondirectory-client-replacement.man (2.7 KB)
Extracting: G:\sources\replacementmanifests\terminalservices-sessiondirectory-server-replacement.man (4.1 KB)
Extracting: G:\sources\replacementmanifests\terminalservices-tsv-vmhostagent-replacement.man (1.2 KB)
Extracting: G:\sources\replacementmanifests\tetheringservice-repl.man (1 KB)
Extracting: G:\sources\replacementmanifests\textservicesframework-migration-replacement.man (6.3 KB)
Extracting: G:\sources\replacementmanifests\time-service-replacement.man (1.2 KB)
Extracting: G:\sources\replacementmanifests\tpmdriverwmi-replacement.man (2.5 KB)
Extracting: G:\sources\replacementmanifests\tpmvsc-repl.man (916 bytes)
Extracting: G:\sources\replacementmanifests\twinui-replacement.man (12.3 KB)
Extracting: G:\sources\replacementmanifests\twinui.pcshell-replacement.man (1.4 KB)
Extracting: G:\sources\replacementmanifests\udfs-replacement.man (1.5 KB)
Extracting: G:\sources\replacementmanifests\updateagent-replacement.man (1.1 KB)
Extracting: G:\sources\replacementmanifests\updateservices-common-replacement.man (850 bytes)
Extracting: G:\sources\replacementmanifests\updateservices-services-replacement.man (2.8 KB)
Extracting: G:\sources\replacementmanifests\upnpdevicehost-replacement.man (2.4 KB)
Extracting: G:\sources\replacementmanifests\upnpdevicehost-server-replacement.man (2.4 KB)
Extracting: G:\sources\replacementmanifests\upnpssdp-replacement.man (2.3 KB)
Extracting: G:\sources\replacementmanifests\upnpssdp-server-replacement.man (2.3 KB)
Extracting: G:\sources\replacementmanifests\usbmigration-replacement.man (1.6 KB)
Extracting: G:\sources\replacementmanifests\vault-replacement.man (2.1 KB)
Extracting: G:\sources\replacementmanifests\video-tvvideocontrol-replacement.man (914 bytes)
Extracting: G:\sources\replacementmanifests\virtualdiskservice-repl.man (1.7 KB)
Extracting: G:\sources\replacementmanifests\volsnap-repl.man (2.9 KB)
Extracting: G:\sources\replacementmanifests\vssservice-repl.man (4 KB)
Extracting: G:\sources\replacementmanifests\wbiosrvc-replacement.man (1.8 KB)
Extracting: G:\sources\replacementmanifests\wcf-http-activation-replacement.man (850 bytes)
Extracting: G:\sources\replacementmanifests\wcf-nonhttp-activation-replacement.man (860 bytes)
Extracting: G:\sources\replacementmanifests\web-services-for-management-core-replacement.man (13.6 KB)
Extracting: G:\sources\replacementmanifests\webdavredir-clientonly-replacement.man (2.1 KB)
Extracting: G:\sources\replacementmanifests\webdavredir-serveronly-replacement.man (2.1 KB)
Extracting: G:\sources\replacementmanifests\wia-coreservices-replacement.man (969 bytes)
Extracting: G:\sources\replacementmanifests\wicamigrationav-rl.man (9.5 KB)
Extracting: G:\sources\replacementmanifests\wid8-migration.man (2 KB)
Extracting: G:\sources\replacementmanifests\win32k-settings-repl.man (18.3 KB)
Extracting: G:\sources\replacementmanifests\windows-senseclient-service-rep.man (2.0 KB)
Extracting: G:\sources\replacementmanifests\windows.cortana.desktop-repl.man (1.5 KB)
Extracting: G:\sources\replacementmanifests\windows.holographic.displaythrottling-replacement.man (2.5 KB)
Extracting: G:\sources\replacementmanifests\windows.media-migration-replacement.man (993 bytes)
Extracting: G:\sources\replacementmanifests\windows.sharedpc.accountmanager-repl.man (1.4 KB)
Extracting: G:\sources\replacementmanifests\windows.ui.shell-repl.man (2 KB)
Extracting: G:\sources\replacementmanifests\windowspushnotifications-platform-library-replacement.man (1.4 KB)
Extracting: G:\sources\replacementmanifests\windowssearchengine-replacement.man (6.1 KB)
Extracting: G:\sources\replacementmanifests\windowsstoreapi-replacement.man (1.1 KB)
Extracting: G:\sources\replacementmanifests\windowsupdate-replacement.man (1.7 KB)
Extracting: G:\sources\replacementmanifests\windowswebapphost-replacement.man (1.1 KB)
Extracting: G:\sources\replacementmanifests\winlogon-replacement.man (12.3 KB)
Extracting: G:\sources\replacementmanifests\winmde-migration-replacement.man (1016 bytes)
Extracting: G:\sources\replacementmanifests\winnat-replacement.man (1.2 KB)
Extracting: G:\sources\replacementmanifests\winsat-cmi-replacement.man (889 bytes)
Extracting: G:\sources\replacementmanifests\wlidsvc-replacement.man (4.8 KB)
Extracting: G:\sources\replacementmanifests\wlidsvc.vista-win7.man (4.1 KB)
Extracting: G:\sources\replacementmanifests\wmdmigration-replacement.man (4 KB)
Extracting: G:\sources\replacementmanifests\wmi-core-replacement.man (2.7 KB)
Extracting: G:\sources\replacementmanifests\wmiacpi-replacement.man (1.1 KB)
Extracting: G:\sources\replacementmanifests\wmpnsservice-migration-replacement.man (1.7 KB)
Extracting: G:\sources\replacementmanifests\wmpplayer-migration-replacement.man (2.8 KB)
Extracting: G:\sources\replacementmanifests\wsinfra-other-mw-replacement.man (1.1 KB)
Extracting: G:\sources\replacementmanifests\wsinfra-upgrade-replacement.man (1.5 KB)
Extracting: G:\sources\replacementmanifests\wwansvc-servercfg-repl.man (1 KB)
Extracting: G:\sources\sxs\Microsoft-Windows-InternetExplorer-Optional-Package~31bf3856ad364e35~amd64~en-US~.cab (30.2 KB)
Extracting: G:\sources\sxs\microsoft-windows-internetexplorer-optional-package~31bf3856ad364e35~amd64~~.cab (299.1 KB)
Extracting: G:\sources\sxs\microsoft-windows-netfx3-ondemand-package~31bf3856ad364e35~amd64~~.cab (69.4 MB)
Extracting: G:\sources\uup\metadata\desktoptargetcompdb_conditions.xml.cab (18.1 KB)
Extracting: G:\sources\uup\metadata\desktoptargetcompdb_fod_neutral.xml.cab (42.2 KB)
Extracting: G:\sources\uup\metadata\desktoptargetcompdb_neutral.xml.cab (12 KB)
Extracting: G:\sources\acmigration.dll (532.1 KB)
Extracting: G:\sources\acres.dll (337.3 KB)
Extracting: G:\sources\actionqueue.dll (209.4 KB)
Extracting: G:\sources\adfscomp.dll (69.3 KB)
Extracting: G:\sources\admtv3check.dll (97.5 KB)
Extracting: G:\sources\aeinv.dll (925.3 KB)
Extracting: G:\sources\alert.gif (1 KB)
Extracting: G:\sources\appcompat.xsl (11.4 KB)
Extracting: G:\sources\appcompatservicing.dll (89.3 KB)
Extracting: G:\sources\appcompat_bidi.xsl (12.2 KB)
Extracting: G:\sources\appcompat_detailed.xsl (13.3 KB)
Extracting: G:\sources\appcompat_detailed_bidi.xsl (13.4 KB)
Extracting: G:\sources\appcompat_detailed_bidi_txt.xsl (13.1 KB)
Extracting: G:\sources\appcompat_detailed_txt.xsl (13 KB)
Extracting: G:\sources\appraiser.dll (2.2 MB)
Extracting: G:\sources\appraiser.sdb (2.6 MB)
Extracting: G:\sources\appraiserdatasha1.cat (10.3 KB)
Extracting: G:\sources\appraiserres.dll (85.7 KB)
Extracting: G:\sources\appraisersdblatestoshash.txt (90 bytes)
Extracting: G:\sources\arunimg.dll (149.4 KB)
Extracting: G:\sources\arunres.dll (25.4 KB)
Extracting: G:\sources\autorun.dll (169.3 KB)
Extracting: G:\sources\background_cli.png (4.7 KB)
Extracting: G:\sources\bcd.dll (150.7 KB)
Extracting: G:\sources\boot.wim (685.1 MB)
Extracting: G:\sources\bootsvc.dll (271.7 KB)
Extracting: G:\sources\cdplib.mof (1.9 KB)
Extracting: G:\sources\cdplibuninstall.mof (571 bytes)
Extracting: G:\sources\clustercompliance.dll (41.5 KB)
Extracting: G:\sources\cmi2migxml.dll (225.3 KB)
Extracting: G:\sources\cmisetup.dll (169.3 KB)
Extracting: G:\sources\compatappraiserresources.dll (229.3 KB)
Extracting: G:\sources\compatctrl.dll (197.4 KB)
Extracting: G:\sources\compatresources.dll (3.4 MB)
Extracting: G:\sources\compres.dll (49.5 KB)
Extracting: G:\sources\cryptosetup.dll (45.5 KB)
Extracting: G:\sources\csiagent.dll (705.4 KB)
Extracting: G:\sources\cversion.ini (49 bytes)
Extracting: G:\sources\db_msftproductionwindowssigningca.cer (1.5 KB)
Extracting: G:\sources\devinv.dll (757.3 KB)
Extracting: G:\sources\diager.dll (93.4 KB)
Extracting: G:\sources\diagnostic.dll (213.3 KB)
Extracting: G:\sources\diagtrack.dll (1.3 MB)
Extracting: G:\sources\diagtrackrunner.exe (86.2 KB)
Extracting: G:\sources\dism.exe (329.3 KB)
Extracting: G:\sources\dismapi.dll (1.2 MB)
Extracting: G:\sources\dismcore.dll (469.4 KB)
Extracting: G:\sources\dismcoreps.dll (205.4 KB)
Extracting: G:\sources\dismprov.dll (297.3 KB)
Extracting: G:\sources\du.dll (193.3 KB)
Extracting: G:\sources\EI.CFG (45 bytes)
Extracting: G:\sources\facilitator.dll (1.1 MB)
Extracting: G:\sources\folderprovider.dll (93.3 KB)
Extracting: G:\sources\gatherosstate.exe (1.5 MB)
Extracting: G:\sources\generaltel.dll (505.4 KB)
Extracting: G:\sources\hwcompat.dll (245.3 KB)
Extracting: G:\sources\hwcompat.txt (925.4 KB)
Extracting: G:\sources\hwcompatPE.txt (257 bytes)
Extracting: G:\sources\hwexclude.txt (51 bytes)
Extracting: G:\sources\hwexcludePE.txt (15 bytes)
Extracting: G:\sources\hwreqchk.dll (376 KB)
Extracting: G:\sources\hypervcomplcheck.dll (225.5 KB)
Extracting: G:\sources\iasmigplugin.dll (757.3 KB)
Extracting: G:\sources\icbexclusion.inf (7.1 KB)
Extracting: G:\sources\idwbinfo.txt (122 bytes)
Extracting: G:\sources\iiscomp.dll (45.5 KB)
Extracting: G:\sources\imagelib.dll (945.4 KB)
Extracting: G:\sources\imagingprovider.dll (249.3 KB)
Extracting: G:\sources\input.dll (393.3 KB)
Extracting: G:\sources\install.esd (3.3 GB)
Extracting: G:\sources\itgtupg.dll (109.5 KB)
Extracting: G:\sources\lang.ini (78 bytes)
Extracting: G:\sources\locale.nls (821.8 KB)
Extracting: G:\sources\logprovider.dll (181.3 KB)
Extracting: G:\sources\mediasetupuimgr.dll (1.2 MB)
Extracting: G:\sources\migapp.xml (639.2 KB)
Extracting: G:\sources\migcore.dll (9.3 MB)
Extracting: G:\sources\mighost.exe (273.3 KB)
Extracting: G:\sources\migisol.dll (145.3 KB)
Extracting: G:\sources\migres.dll (25.3 KB)
Extracting: G:\sources\migstore.dll (1.3 MB)
Extracting: G:\sources\migsys.dll (449.3 KB)
Extracting: G:\sources\migtestplugin.dll (69.5 KB)
Extracting: G:\sources\mitigation.dll (333.3 KB)
Extracting: G:\sources\mxeagent.dll (365.3 KB)
Extracting: G:\sources\nlsbres.dll (101.3 KB)
Extracting: G:\sources\ntdsupg.dll (49.5 KB)
Extracting: G:\sources\ntfrsupg.dll (73.5 KB)
Extracting: G:\sources\nxquery.inf (1.4 KB)
Extracting: G:\sources\nxquery.sys (53.5 KB)
Extracting: G:\sources\offline.xml (40.9 KB)
Extracting: G:\sources\offlineprofileutils.dll (237.3 KB)
Extracting: G:\sources\oscomps.woa.xml (243.3 KB)
Extracting: G:\sources\oscomps.xml (441.3 KB)
Extracting: G:\sources\osfilter.inf (20.8 KB)
Extracting: G:\sources\outofbox_windows_db.bin (4.7 KB)
Extracting: G:\sources\pnpibs.dll (93.3 KB)
Extracting: G:\sources\pnppropmig.dll (101.4 KB)
Extracting: G:\sources\product.ini (5.4 KB)
Extracting: G:\sources\rdsupgcheck.dll (45.3 KB)
Extracting: G:\sources\reagent.admx (1.2 KB)
Extracting: G:\sources\reagent.dll (581.3 KB)
Extracting: G:\sources\reagent.xml (837 bytes)
Extracting: G:\sources\reportgen.dll (73.3 KB)
Extracting: G:\sources\reservemanager.dll (301.3 KB)
Extracting: G:\sources\rmsupg.dll (93.4 KB)
Extracting: G:\sources\rollback.exe (157.4 KB)
Extracting: G:\sources\schema.dat (92 KB)
Extracting: G:\sources\sdbapiu.dll (377.4 KB)
Extracting: G:\sources\segoeui.ttf (952.2 KB)
Extracting: G:\sources\servicingcommon.dll (981.9 KB)
Extracting: G:\sources\setup.exe (328.1 KB)
Extracting: G:\sources\setupcompat.dll (389.3 KB)
Extracting: G:\sources\setupcore.dll (2.3 MB)
Extracting: G:\sources\setupdiag.exe (668.4 KB)
Extracting: G:\sources\setuperror.exe (72.8 KB)
Extracting: G:\sources\setuphost.exe (849.4 KB)
Extracting: G:\sources\setupmgr.dll (1.1 MB)
Extracting: G:\sources\setupplatform.cfg (16.9 KB)
Extracting: G:\sources\setupplatform.dll (9.2 MB)
Extracting: G:\sources\setupplatform.exe (265.3 KB)
Extracting: G:\sources\setupprep.exe (1.2 MB)
Extracting: G:\sources\sfcn.dat (1.8 KB)
Extracting: G:\sources\sflcid.dat (1.6 KB)
Extracting: G:\sources\sflistrs1.dat (5.3 MB)
Extracting: G:\sources\sflistw7.dat (1.6 MB)
Extracting: G:\sources\sflistw8.dat (2.5 MB)
Extracting: G:\sources\sflistw8.woa.dat (932.1 KB)
Extracting: G:\sources\sflistwb.dat (3 MB)
Extracting: G:\sources\sflistwb.woa.dat (1.1 MB)
Extracting: G:\sources\sflistwt.dat (4.7 MB)
Extracting: G:\sources\sflistwt.woa.dat (2.5 MB)
Extracting: G:\sources\sfpat.inf (11.3 KB)
Extracting: G:\sources\sfpatrs1.inf (165.9 KB)
Extracting: G:\sources\sfpatw7.inf (17.0 KB)
Extracting: G:\sources\sfpatw8.inf (77.9 KB)
Extracting: G:\sources\sfpatwb.inf (89.5 KB)
Extracting: G:\sources\sfpatwt.inf (161.8 KB)
Extracting: G:\sources\smiengine.dll (961.3 KB)
Extracting: G:\sources\spflvrnt.dll (53.3 KB)
Extracting: G:\sources\spprgrss.dll (77.3 KB)
Extracting: G:\sources\spwizeng.dll (573.3 KB)
Extracting: G:\sources\spwizimg.dll (93.3 KB)
Extracting: G:\sources\spwizres.dll (25.3 KB)
Extracting: G:\sources\sqmapi.dll (70.0 KB)
Extracting: G:\sources\uddicomp.dll (69.5 KB)
Extracting: G:\sources\unattend.dll (229.4 KB)
Extracting: G:\sources\unbcl.dll (1.1 MB)
Extracting: G:\sources\uninstall.xml (4.3 KB)
Extracting: G:\sources\uninstall_data.xml (10.9 KB)
Extracting: G:\sources\updateagent.dll (3.3 MB)
Extracting: G:\sources\upgloader.dll (129.4 KB)
Extracting: G:\sources\upgradeagent.dll (3.1 MB)
Extracting: G:\sources\upgradeagent.xml (69.2 KB)
Extracting: G:\sources\upgrade_bulk.xml (204.7 KB)
Extracting: G:\sources\upgrade_comp.xml (5.9 KB)
Extracting: G:\sources\upgrade_data.xml (40.8 KB)
Extracting: G:\sources\upgrade_frmwrk.xml (18.3 KB)
Extracting: G:\sources\upgwow_bulk.xml (112.3 KB)
Extracting: G:\sources\utcapi.dll (57.3 KB)
Extracting: G:\sources\uxlib.dll (181.4 KB)
Extracting: G:\sources\uxlibres.dll (21.3 KB)
Extracting: G:\sources\vhdprovider.dll (597.4 KB)
Extracting: G:\sources\w32uiimg.dll (305.3 KB)
Extracting: G:\sources\w32uires.dll (217.3 KB)
Extracting: G:\sources\warning.gif (597 bytes)
Extracting: G:\sources\wdsclient.dll (473.5 KB)
Extracting: G:\sources\wdsclientapi.dll (265.5 KB)
Extracting: G:\sources\wdscommonlib.dll (304 KB)
Extracting: G:\sources\wdscore.dll (277.4 KB)
Extracting: G:\sources\wdscsl.dll (77.3 KB)
Extracting: G:\sources\wdsimage.dll (121.5 KB)
Extracting: G:\sources\wdstptc.dll (185.5 KB)
Extracting: G:\sources\wdsupgcompl.dll (41.5 KB)
Extracting: G:\sources\wdsutil.dll (357.3 KB)
Extracting: G:\sources\wicadevicefilters.xml (13.4 KB)
Extracting: G:\sources\wimgapi.dll (797.3 KB)
Extracting: G:\sources\wimprovider.dll (673.3 KB)
Extracting: G:\sources\win32ui.dll (721.3 KB)
Extracting: G:\sources\windlp.dll (1.5 MB)
Extracting: G:\sources\winsetup.dll (2.9 MB)
Extracting: G:\sources\winsetupboot.hiv (8 KB)
Extracting: G:\sources\winsetupboot.sys (109.3 KB)
Extracting: G:\sources\winsetupmon.hiv (8 KB)
Extracting: G:\sources\winsetupmon.sys (105.4 KB)
Extracting: G:\sources\wpx.dll (1.4 MB)
Extracting: G:\support\logging\en-us\actionqueueetw.dll.mui (3.5 KB)
Extracting: G:\support\logging\actionqueueetw.dll (21.5 KB)
Extracting: G:\support\logging\auditetw.dll (25.5 KB)
Extracting: G:\support\logging\cmisetupetw.dll (25.5 KB)
Extracting: G:\support\logging\etwproviderinstall.vbs (6.7 KB)
Extracting: G:\support\logging\microsoft-windows-actionqueue-instrumentation.man (6.2 KB)
Extracting: G:\support\logging\microsoft-windows-audit-instrumentation.man (6.6 KB)
Extracting: G:\support\logging\microsoft-windows-cmisetup-instrumentation.man (7.1 KB)
Extracting: G:\support\logging\microsoft-windows-oobeldr-instrumentation.man (8.4 KB)
Extracting: G:\support\logging\microsoft-windows-setup-events.man (19.9 KB)
Extracting: G:\support\logging\microsoft-windows-setup-instrumentation.man (9.0 KB)
Extracting: G:\support\logging\microsoft-windows-setupcl-instrumentation.man (15 KB)
Extracting: G:\support\logging\microsoft-windows-setupugc-instrumentation.man (7.1 KB)
Extracting: G:\support\logging\microsoft-windows-sysprep-instrumentation.man (13.5 KB)
Extracting: G:\support\logging\microsoft-windows-windeploy-instrumentation.man (8.4 KB)
Extracting: G:\support\logging\oobeldretw.dll (25.5 KB)
Extracting: G:\support\logging\setupcletw.dll (29.5 KB)
Extracting: G:\support\logging\setupetw.dll (29.4 KB)
Extracting: G:\support\logging\setupugcetw.dll (25.5 KB)
Extracting: G:\support\logging\sysprepetw.dll (29.5 KB)
Extracting: G:\support\logging\windeployetw.dll (25.5 KB)
Extracting: G:\support\logging\winsetupetw.dll (73.5 KB)
Extracting: G:\Auto-saved ea6ab743.xml (5.1 KB)
Extracting: G:\autorun.inf (128 bytes)
Extracting: G:\autounattend.xml (1.3 KB)
Extracting: G:\bootmgr (431.7 KB)
Extracting: G:\bootmgr.efi (2.4 MB)
Extracting: G:\NTLite.log (32.9 KB)
Extracting: G:\setup.exe (93.5 KB)
Applying Windows customization:
Created 'G:\sources\appraiserres.dll' placeholder
Mounting 'G:\sources\boot.wim[2]'...
WARNING: This image appears to be an UNOFFICIAL Windows ISO!
Rufus recommends that you only use OFFICIAL retail Microsoft Windows images, such as
the ones that can be downloaded through the download facility of this application.
Mounted 'G:\sources\boot.wim [1]' on 'C:\Users\Goteer\AppData\Local\Temp\Ruf97D4.tmp'
Mounted offline registry hive 'C:\Users\Goteer\AppData\Local\Temp\Ruf97D4.tmp\Windows\System32\config\SYSTEM' to 'HKLM\RUFUS_OFFLINE_HIVE'
Created 'HKLM\SYSTEM\Setup\LabConfig\BypassTPMCheck' registry key
Created 'HKLM\SYSTEM\Setup\LabConfig\BypassSecureBootCheck' registry key
Created 'HKLM\SYSTEM\Setup\LabConfig\BypassRAMCheck' registry key
Created 'G:\sources\$OEM$\$$\Panther\unattend.xml'
Unmounted offline registry hive 'HKLM\RUFUS_OFFLINE_HIVE'
Unmounting 'G:\sources\boot.wim[1]'...
Unmounted 'C:\Users\Goteer\AppData\Local\Temp\Ruf97D4.tmp [1]'
Finalizing, please wait...
G:autorun.inf already exists - keeping it

Found USB 3.0 device 'Kingston DataTraveler 3.0 USB Device' (0951:1666)
1 device found
Disk type: Removable, Disk size: 16 GB, Sector size: 512 bytes
Cylinders: 1912, Tracks per cylinder: 255, Sectors per track: 63
Partition type: GPT, NB Partitions: 1
Disk GUID: {2B637273-D256-4FEB-9DE5-A08C0A29A16B}
Max parts: 128, Start Offset: 17408, Usable = 15733127680 bytes
Partition 1:
  Type: Microsoft Basic Data Partition
  Name: 'Main Data Partition'
  Detected File System: FAT32
  ID: {E62F7F2D-3C25-47CE-BA63-E393D79B73DA}
  Size: 14.7 GB (15732088832 bytes)
  Start Sector: 2048, Attributes: 0x0000000000000000
